A:\KRNL32.EXE
C:\DEV\LEVOS\KERNEL\KERNEL\DEBUG\ACPI.ASM
C:\DEV\LEVOS\KERNEL\KERNEL\DEBUG\ACPI.OBJ
C:\DEV\LEVOS\KERNEL\KERNEL\DEBUG\BUF_FIFO.ASM
C:\DEV\LEVOS\KERNEL\KERNEL\DEBUG\BUF_FIFO.OBJ
C:\DEV\LEVOS\KERNEL\KERNEL\DEBUG\CURRENTTEST.ASM
C:\DEV\LEVOS\KERNEL\KERNEL\DEBUG\CURRENTTEST.OBJ
C:\DEV\LEVOS\KERNEL\KERNEL\DEBUG\DEBUGDISPLAY.ASM
C:\DEV\LEVOS\KERNEL\KERNEL\DEBUG\DEBUGDISPLAY.OBJ
C:\DEV\LEVOS\KERNEL\KERNEL\DEBUG\DMA.ASM
C:\DEV\LEVOS\KERNEL\KERNEL\DEBUG\DMA.OBJ
C:\DEV\LEVOS\KERNEL\KERNEL\DEBUG\ENTRY.ASM
C:\DEV\LEVOS\KERNEL\KERNEL\DEBUG\ENTRY.OBJ
C:\DEV\LEVOS\KERNEL\KERNEL\DEBUG\EXCEPTION.ASM
C:\DEV\LEVOS\KERNEL\KERNEL\DEBUG\EXCEPTION.OBJ
C:\DEV\LEVOS\KERNEL\KERNEL\DEBUG\FAT12.ASM
C:\DEV\LEVOS\KERNEL\KERNEL\DEBUG\FAT12.OBJ
C:\DEV\LEVOS\KERNEL\KERNEL\DEBUG\FILESYSTEM.ASM
C:\DEV\LEVOS\KERNEL\KERNEL\DEBUG\FILESYSTEM.OBJ
C:\DEV\LEVOS\KERNEL\KERNEL\DEBUG\FLOPPYDRIVE.ASM
C:\DEV\LEVOS\KERNEL\KERNEL\DEBUG\FLOPPYDRIVE.OBJ
C:\DEV\LEVOS\KERNEL\KERNEL\DEBUG\GDT.ASM
C:\DEV\LEVOS\KERNEL\KERNEL\DEBUG\GDT.OBJ
C:\DEV\LEVOS\KERNEL\KERNEL\DEBUG\GUFL.ASM
C:\DEV\LEVOS\KERNEL\KERNEL\DEBUG\GUFL.OBJ
C:\DEV\LEVOS\KERNEL\KERNEL\DEBUG\HARDDRIVE.ASM
C:\DEV\LEVOS\KERNEL\KERNEL\DEBUG\HARDDRIVE.OBJ
C:\DEV\LEVOS\KERNEL\KERNEL\DEBUG\HCOMM.ASM
C:\DEV\LEVOS\KERNEL\KERNEL\DEBUG\HCOMM.OBJ
C:\DEV\LEVOS\KERNEL\KERNEL\DEBUG\HW_KEYBOARD.ASM
C:\DEV\LEVOS\KERNEL\KERNEL\DEBUG\HW_KEYBOARD.OBJ
C:\DEV\LEVOS\KERNEL\KERNEL\DEBUG\HW_MOUSE.ASM
C:\DEV\LEVOS\KERNEL\KERNEL\DEBUG\HW_MOUSE.OBJ
C:\DEV\LEVOS\KERNEL\KERNEL\DEBUG\IDT.ASM
C:\DEV\LEVOS\KERNEL\KERNEL\DEBUG\IDT.OBJ
C:\DEV\LEVOS\KERNEL\KERNEL\DEBUG\MAIN.ASM
C:\DEV\LEVOS\KERNEL\KERNEL\DEBUG\MAIN.OBJ
C:\DEV\LEVOS\KERNEL\KERNEL\DEBUG\MATH.ASM
C:\DEV\LEVOS\KERNEL\KERNEL\DEBUG\MATH.OBJ
C:\DEV\LEVOS\KERNEL\KERNEL\DEBUG\PCI.ASM
C:\DEV\LEVOS\KERNEL\KERNEL\DEBUG\PCI.OBJ
C:\DEV\LEVOS\KERNEL\KERNEL\DEBUG\PELOADER.ASM
C:\DEV\LEVOS\KERNEL\KERNEL\DEBUG\PELOADER.OBJ
C:\DEV\LEVOS\KERNEL\KERNEL\DEBUG\PIC.ASM
C:\DEV\LEVOS\KERNEL\KERNEL\DEBUG\PIC.OBJ
C:\DEV\LEVOS\KERNEL\KERNEL\DEBUG\PIT.ASM
C:\DEV\LEVOS\KERNEL\KERNEL\DEBUG\PIT.OBJ
C:\DEV\LEVOS\KERNEL\KERNEL\DEBUG\PMEMORY.ASM
C:\DEV\LEVOS\KERNEL\KERNEL\DEBUG\PMEMORY.OBJ
C:\DEV\LEVOS\KERNEL\KERNEL\DEBUG\PROCESSMANAGER.ASM
C:\DEV\LEVOS\KERNEL\KERNEL\DEBUG\PROCESSMANAGER.OBJ
C:\DEV\LEVOS\KERNEL\KERNEL\DEBUG\REALMODEWRAPPER.ASM
C:\DEV\LEVOS\KERNEL\KERNEL\DEBUG\REALMODEWRAPPER.OBJ
C:\DEV\LEVOS\KERNEL\KERNEL\DEBUG\RESOURCE.RES
C:\DEV\LEVOS\KERNEL\KERNEL\DEBUG\RTC.ASM
C:\DEV\LEVOS\KERNEL\KERNEL\DEBUG\RTC.OBJ
C:\DEV\LEVOS\KERNEL\KERNEL\DEBUG\SYSTEMCALLS.ASM
C:\DEV\LEVOS\KERNEL\KERNEL\DEBUG\SYSTEMCALLS.OBJ
C:\DEV\LEVOS\KERNEL\KERNEL\DEBUG\V8086.ASM
C:\DEV\LEVOS\KERNEL\KERNEL\DEBUG\V8086.OBJ
C:\DEV\LEVOS\KERNEL\KERNEL\DEBUG\VC100.PDB
C:\DEV\LEVOS\KERNEL\KERNEL\DEBUG\VGADRIVER.ASM
C:\DEV\LEVOS\KERNEL\KERNEL\DEBUG\VGADRIVER.OBJ
C:\DEV\LEVOS\KERNEL\KERNEL\DEBUG\VIRTUALDEVICE.ASM
C:\DEV\LEVOS\KERNEL\KERNEL\DEBUG\VIRTUALDEVICE.OBJ
C:\DEV\LEVOS\KERNEL\KERNEL\DEBUG\VMEMORY.ASM
C:\DEV\LEVOS\KERNEL\KERNEL\DEBUG\VMEMORY.OBJ
C:\DEV\LEVOS\KERNEL\KERNEL\KERNEL.MAP
C:\USERS\LEVEX\DESKTOP\NEWLEVOS\KERNEL\DEBUG\BUF_FIFO.ASM
C:\USERS\LEVEX\DESKTOP\NEWLEVOS\KERNEL\DEBUG\BUF_FIFO.OBJ
C:\USERS\LEVEX\DESKTOP\NEWLEVOS\KERNEL\DEBUG\CURRENTTEST.ASM
C:\USERS\LEVEX\DESKTOP\NEWLEVOS\KERNEL\DEBUG\CURRENTTEST.OBJ
C:\USERS\LEVEX\DESKTOP\NEWLEVOS\KERNEL\DEBUG\DEBUGDISPLAY.ASM
C:\USERS\LEVEX\DESKTOP\NEWLEVOS\KERNEL\DEBUG\DEBUGDISPLAY.OBJ
C:\USERS\LEVEX\DESKTOP\NEWLEVOS\KERNEL\DEBUG\DMA.ASM
C:\USERS\LEVEX\DESKTOP\NEWLEVOS\KERNEL\DEBUG\DMA.OBJ
C:\USERS\LEVEX\DESKTOP\NEWLEVOS\KERNEL\DEBUG\ENTRY.ASM
C:\USERS\LEVEX\DESKTOP\NEWLEVOS\KERNEL\DEBUG\ENTRY.OBJ
C:\USERS\LEVEX\DESKTOP\NEWLEVOS\KERNEL\DEBUG\EXCEPTION.ASM
C:\USERS\LEVEX\DESKTOP\NEWLEVOS\KERNEL\DEBUG\EXCEPTION.OBJ
C:\USERS\LEVEX\DESKTOP\NEWLEVOS\KERNEL\DEBUG\FAT12.ASM
C:\USERS\LEVEX\DESKTOP\NEWLEVOS\KERNEL\DEBUG\FAT12.OBJ
C:\USERS\LEVEX\DESKTOP\NEWLEVOS\KERNEL\DEBUG\FILESYSTEM.ASM
C:\USERS\LEVEX\DESKTOP\NEWLEVOS\KERNEL\DEBUG\FILESYSTEM.OBJ
C:\USERS\LEVEX\DESKTOP\NEWLEVOS\KERNEL\DEBUG\FLOPPYDRIVE.ASM
C:\USERS\LEVEX\DESKTOP\NEWLEVOS\KERNEL\DEBUG\FLOPPYDRIVE.OBJ
C:\USERS\LEVEX\DESKTOP\NEWLEVOS\KERNEL\DEBUG\GDT.ASM
C:\USERS\LEVEX\DESKTOP\NEWLEVOS\KERNEL\DEBUG\GDT.OBJ
C:\USERS\LEVEX\DESKTOP\NEWLEVOS\KERNEL\DEBUG\GUFL.ASM
C:\USERS\LEVEX\DESKTOP\NEWLEVOS\KERNEL\DEBUG\GUFL.OBJ
C:\USERS\LEVEX\DESKTOP\NEWLEVOS\KERNEL\DEBUG\HARDDRIVE.ASM
C:\USERS\LEVEX\DESKTOP\NEWLEVOS\KERNEL\DEBUG\HARDDRIVE.OBJ
C:\USERS\LEVEX\DESKTOP\NEWLEVOS\KERNEL\DEBUG\HCOMM.ASM
C:\USERS\LEVEX\DESKTOP\NEWLEVOS\KERNEL\DEBUG\HCOMM.OBJ
C:\USERS\LEVEX\DESKTOP\NEWLEVOS\KERNEL\DEBUG\HW_KEYBOARD.ASM
C:\USERS\LEVEX\DESKTOP\NEWLEVOS\KERNEL\DEBUG\HW_KEYBOARD.OBJ
C:\USERS\LEVEX\DESKTOP\NEWLEVOS\KERNEL\DEBUG\HW_MOUSE.ASM
C:\USERS\LEVEX\DESKTOP\NEWLEVOS\KERNEL\DEBUG\HW_MOUSE.CPP.ASM
C:\USERS\LEVEX\DESKTOP\NEWLEVOS\KERNEL\DEBUG\HW_MOUSE.CPP.OBJ
C:\USERS\LEVEX\DESKTOP\NEWLEVOS\KERNEL\DEBUG\HW_MOUSE.OBJ
C:\USERS\LEVEX\DESKTOP\NEWLEVOS\KERNEL\DEBUG\IDT.ASM
C:\USERS\LEVEX\DESKTOP\NEWLEVOS\KERNEL\DEBUG\IDT.OBJ
C:\USERS\LEVEX\DESKTOP\NEWLEVOS\KERNEL\DEBUG\MAIN.ASM
C:\USERS\LEVEX\DESKTOP\NEWLEVOS\KERNEL\DEBUG\MAIN.OBJ
C:\USERS\LEVEX\DESKTOP\NEWLEVOS\KERNEL\DEBUG\MATH.ASM
C:\USERS\LEVEX\DESKTOP\NEWLEVOS\KERNEL\DEBUG\MATH.OBJ
C:\USERS\LEVEX\DESKTOP\NEWLEVOS\KERNEL\DEBUG\PCI.ASM
C:\USERS\LEVEX\DESKTOP\NEWLEVOS\KERNEL\DEBUG\PCI.OBJ
C:\USERS\LEVEX\DESKTOP\NEWLEVOS\KERNEL\DEBUG\PELOADER.ASM
C:\USERS\LEVEX\DESKTOP\NEWLEVOS\KERNEL\DEBUG\PELOADER.OBJ
C:\USERS\LEVEX\DESKTOP\NEWLEVOS\KERNEL\DEBUG\PIC.ASM
C:\USERS\LEVEX\DESKTOP\NEWLEVOS\KERNEL\DEBUG\PIC.OBJ
C:\USERS\LEVEX\DESKTOP\NEWLEVOS\KERNEL\DEBUG\PIT.ASM
C:\USERS\LEVEX\DESKTOP\NEWLEVOS\KERNEL\DEBUG\PIT.OBJ
C:\USERS\LEVEX\DESKTOP\NEWLEVOS\KERNEL\DEBUG\PMEMORY.ASM
C:\USERS\LEVEX\DESKTOP\NEWLEVOS\KERNEL\DEBUG\PMEMORY.OBJ
C:\USERS\LEVEX\DESKTOP\NEWLEVOS\KERNEL\DEBUG\PROCESSMANAGER.ASM
C:\USERS\LEVEX\DESKTOP\NEWLEVOS\KERNEL\DEBUG\PROCESSMANAGER.OBJ
C:\USERS\LEVEX\DESKTOP\NEWLEVOS\KERNEL\DEBUG\REALMODEWRAPPER.ASM
C:\USERS\LEVEX\DESKTOP\NEWLEVOS\KERNEL\DEBUG\REALMODEWRAPPER.OBJ
C:\USERS\LEVEX\DESKTOP\NEWLEVOS\KERNEL\DEBUG\RESOURCE.RES
C:\USERS\LEVEX\DESKTOP\NEWLEVOS\KERNEL\DEBUG\RTC.ASM
C:\USERS\LEVEX\DESKTOP\NEWLEVOS\KERNEL\DEBUG\RTC.OBJ
C:\USERS\LEVEX\DESKTOP\NEWLEVOS\KERNEL\DEBUG\SYSTEMCALLS.ASM
C:\USERS\LEVEX\DESKTOP\NEWLEVOS\KERNEL\DEBUG\SYSTEMCALLS.OBJ
C:\USERS\LEVEX\DESKTOP\NEWLEVOS\KERNEL\DEBUG\V8086.ASM
C:\USERS\LEVEX\DESKTOP\NEWLEVOS\KERNEL\DEBUG\V8086.OBJ
C:\USERS\LEVEX\DESKTOP\NEWLEVOS\KERNEL\DEBUG\VC100.PDB
C:\USERS\LEVEX\DESKTOP\NEWLEVOS\KERNEL\DEBUG\VGADRIVER.ASM
C:\USERS\LEVEX\DESKTOP\NEWLEVOS\KERNEL\DEBUG\VGADRIVER.OBJ
C:\USERS\LEVEX\DESKTOP\NEWLEVOS\KERNEL\DEBUG\VIRTUALDEVICE.ASM
C:\USERS\LEVEX\DESKTOP\NEWLEVOS\KERNEL\DEBUG\VIRTUALDEVICE.OBJ
C:\USERS\LEVEX\DESKTOP\NEWLEVOS\KERNEL\DEBUG\VMEMORY.ASM
C:\USERS\LEVEX\DESKTOP\NEWLEVOS\KERNEL\DEBUG\VMEMORY.OBJ
