Build started 2013.05.24. 18:40:49.
     1>Project "C:\Users\Levex\Desktop\newLevOS\SimpleGameApp\SimpleGameApp.vcxproj" on node 3 (build target(s)).
     1>InitializeBuildStatus:
         Creating "Release\SimpleGameApp.unsuccessfulbuild" because "AlwaysCreate" was specified.
       ClCompile:
         d:\Program Files (x86)\Microsoft Visual Studio 10.0\VC\bin\CL.exe /c /Zi /nologo /W3 /WX- /O2 /Oi /Oy- /GL /D _MBCS /Gm- /EHsc /MD /GS /Gy /fp:precise /Zc:wchar_t /Zc:forScope /Fo"Release\\" /Fd"Release\vc100.pdb" /Gd /TP /analyze- /errorReport:prompt ..\TerminalApp\LevAPI.cpp main.cpp
         LevAPI.cpp
         main.cpp
       Link:
         d:\Program Files (x86)\Microsoft Visual Studio 10.0\VC\bin\link.exe /ERRORREPORT:PROMPT /OUT:"C:\Users\Levex\Desktop\newLevOS\Release\SimpleGameApp.exe" /NOLOGO kernel32.lib user32.lib gdi32.lib winspool.lib comdlg32.lib advapi32.lib shell32.lib ole32.lib oleaut32.lib uuid.lib odbc32.lib odbccp32.lib /MANIFEST /ManifestFile:"Release\SimpleGameApp.exe.intermediate.manifest" /MANIFESTUAC:"level='asInvoker' uiAccess='false'" /DEBUG /PDB:"C:\Users\Levex\Desktop\newLevOS\Release\SimpleGameApp.pdb" /OPT:REF /OPT:ICF /LTCG /TLBID:1 /DYNAMICBASE /NXCOMPAT /IMPLIB:"C:\Users\Levex\Desktop\newLevOS\Release\SimpleGameApp.lib" /MACHINE:X86 Release\LevAPI.obj
         Release\main.obj
         Generating code
         Finished generating code
         SimpleGameApp.vcxproj -> C:\Users\Levex\Desktop\newLevOS\Release\SimpleGameApp.exe
       Manifest:
         C:\Program Files (x86)\Microsoft SDKs\Windows\v7.0A\bin\mt.exe /nologo /verbose /outputresource:"C:\Users\Levex\Desktop\newLevOS\Release\SimpleGameApp.exe;#1" /manifest Release\SimpleGameApp.exe.intermediate.manifest
       FinalizeBuildStatus:
         Deleting file "Release\SimpleGameApp.unsuccessfulbuild".
         Touching "Release\SimpleGameApp.lastbuildstate".
     1>Done Building Project "C:\Users\Levex\Desktop\newLevOS\SimpleGameApp\SimpleGameApp.vcxproj" (build target(s)).

Build succeeded.

Time Elapsed 00:00:00.61
