A:\CMD.EXE
C:\USERS\LEVEX\DESKTOP\NEWLEVOS\DEBUG\TERMINALAPP.EXE
C:\Users\Levex\Desktop\newLevOS\Debug\TerminalApp.ilk
C:\Users\Levex\Desktop\newLevOS\Debug\TerminalApp.pdb
C:\Users\Levex\Desktop\newLevOS\TerminalApp\Debug\cl.command.1.tlog
C:\Users\Levex\Desktop\newLevOS\TerminalApp\Debug\CL.read.1.tlog
C:\Users\Levex\Desktop\newLevOS\TerminalApp\Debug\CL.write.1.tlog
C:\USERS\LEVEX\DESKTOP\NEWLEVOS\TERMINALAPP\DEBUG\LEVAPI.ASM
C:\USERS\LEVEX\DESKTOP\NEWLEVOS\TERMINALAPP\DEBUG\LEVAPI.OBJ
C:\Users\Levex\Desktop\newLevOS\TerminalApp\Debug\link.command.1.tlog
C:\Users\Levex\Desktop\newLevOS\TerminalApp\Debug\link.read.1.tlog
C:\Users\Levex\Desktop\newLevOS\TerminalApp\Debug\link.write.1.tlog
C:\USERS\LEVEX\DESKTOP\NEWLEVOS\TERMINALAPP\DEBUG\MAIN.ASM
C:\USERS\LEVEX\DESKTOP\NEWLEVOS\TERMINALAPP\DEBUG\MAIN.OBJ
C:\Users\Levex\Desktop\newLevOS\TerminalApp\Debug\mt.command.1.tlog
C:\Users\Levex\Desktop\newLevOS\TerminalApp\Debug\mt.read.1.tlog
C:\Users\Levex\Desktop\newLevOS\TerminalApp\Debug\mt.write.1.tlog
C:\Users\Levex\Desktop\newLevOS\TerminalApp\Debug\TerminalApp.exe.intermediate.manifest
C:\Users\Levex\Desktop\newLevOS\TerminalApp\Debug\vc100.idb
C:\USERS\LEVEX\DESKTOP\NEWLEVOS\TERMINALAPP\DEBUG\VC100.PDB
