Build started 2013.05.24. 18:40:48.
     1>Project "C:\Users\Levex\Desktop\newLevOS\TerminalApp\TerminalApp.vcxproj" on node 3 (build target(s)).
     1>InitializeBuildStatus:
         Creating "Release\TerminalApp.unsuccessfulbuild" because "AlwaysCreate" was specified.
       ClCompile:
         d:\Program Files (x86)\Microsoft Visual Studio 10.0\VC\bin\CL.exe /c /Zi /nologo /W3 /WX- /O2 /Oi /Oy- /GL /D _MBCS /Gm- /EHsc /MD /GS /Gy /fp:precise /Zc:wchar_t /Zc:forScope /Fo"Release\\" /Fd"Release\vc100.pdb" /Gd /TP /analyze- /errorReport:prompt LevAPI.cpp main.cpp string.cpp
         LevAPI.cpp
         main.cpp
     1>main.cpp(62): warning C4018: '<' : signed/unsigned mismatch
     1>main.cpp(108): warning C4018: '<' : signed/unsigned mismatch
         string.cpp
       Link:
         d:\Program Files (x86)\Microsoft Visual Studio 10.0\VC\bin\link.exe /ERRORREPORT:PROMPT /OUT:"C:\Users\Levex\Desktop\newLevOS\Release\TerminalApp.exe" /NOLOGO kernel32.lib user32.lib gdi32.lib winspool.lib comdlg32.lib advapi32.lib shell32.lib ole32.lib oleaut32.lib uuid.lib odbc32.lib odbccp32.lib /MANIFEST /ManifestFile:"Release\TerminalApp.exe.intermediate.manifest" /MANIFESTUAC:"level='asInvoker' uiAccess='false'" /DEBUG /PDB:"C:\Users\Levex\Desktop\newLevOS\Release\TerminalApp.pdb" /OPT:REF /OPT:ICF /LTCG /TLBID:1 /DYNAMICBASE /NXCOMPAT /IMPLIB:"C:\Users\Levex\Desktop\newLevOS\Release\TerminalApp.lib" /MACHINE:X86 Release\LevAPI.obj
         Release\main.obj
         Release\string.obj
         Generating code
         Finished generating code
         TerminalApp.vcxproj -> C:\Users\Levex\Desktop\newLevOS\Release\TerminalApp.exe
       Manifest:
         C:\Program Files (x86)\Microsoft SDKs\Windows\v7.0A\bin\mt.exe /nologo /verbose /outputresource:"C:\Users\Levex\Desktop\newLevOS\Release\TerminalApp.exe;#1" /manifest Release\TerminalApp.exe.intermediate.manifest
       FinalizeBuildStatus:
         Deleting file "Release\TerminalApp.unsuccessfulbuild".
         Touching "Release\TerminalApp.lastbuildstate".
     1>Done Building Project "C:\Users\Levex\Desktop\newLevOS\TerminalApp\TerminalApp.vcxproj" (build target(s)).

Build succeeded.

Time Elapsed 00:00:00.84
