Build started 7/4/2013 8:00:10 PM.
     1>Project "C:\Dev\LevOS\kernel\Lib\Lib.vcxproj" on node 2 (rebuild target(s)).
     1>_PrepareForClean:
         Deleting file "Debug\Lib.lastbuildstate".
       InitializeBuildStatus:
         Creating "Debug\Lib.unsuccessfulbuild" because "AlwaysCreate" was specified.
       ClCompile:
         d:\Program Files (x86)\Microsoft Visual Studio 10.0\VC\bin\CL.exe /c /I..\Include\ /Zi /nologo /W1 /WX- /O2 /Oy- /D ARCH_X86 /X /Gm- /MD /Zp1 /GS- /fp:precise /Zc:wchar_t /Zc:forScope /Fo"Debug\\" /Fd"Debug\vc100.pdb" /Gd /TP /analyze- /errorReport:prompt cstd.cpp string.cpp
         cstd.cpp
         string.cpp
         Generating Code...
       Lib:
         d:\Program Files (x86)\Microsoft Visual Studio 10.0\VC\bin\Lib.exe /OUT:"C:\Dev\LevOS\kernel\Debug\Lib.lib" /NOLOGO Debug\cstd.obj
         Debug\string.obj
         Lib.vcxproj -> C:\Dev\LevOS\kernel\Debug\Lib.lib
       FinalizeBuildStatus:
         Deleting file "Debug\Lib.unsuccessfulbuild".
         Touching "Debug\Lib.lastbuildstate".
     1>Done Building Project "C:\Dev\LevOS\kernel\Lib\Lib.vcxproj" (rebuild target(s)).

Build succeeded.

Time Elapsed 00:00:00.30
